713	6.000000	normal_superficiel_org_74_jpeg/157268504-157268544-001.jpeg
815	7.000000	severe_dysplastic_org_197_jpeg/149186957-149186968-002.jpeg
638	5.000000	normal_intermediate_org_70_jpeg/209565409-209565600-001.jpeg
261	2.000000	light_dysplastic_org_182_jpeg/149105003-149105050-001.jpeg
845	7.000000	severe_dysplastic_org_197_jpeg/153654325-153654360-002.jpeg
688	6.000000	normal_superficiel_org_74_jpeg/157222534-157222607-001.jpeg
245	2.000000	light_dysplastic_org_182_jpeg/149058881-149058910-001.jpeg
617	5.000000	normal_intermediate_org_70_jpeg/157223549-157223570-001.jpeg
865	7.000000	severe_dysplastic_org_197_jpeg/153659229-153659264-001.jpeg
675	6.000000	normal_superficiel_org_74_jpeg/157184112-157184128-001.jpeg
689	6.000000	normal_superficiel_org_74_jpeg/157222737-157222750-001.jpeg
87	1.000000	carcinoma_in_situ_org_150_jpeg/149185698-149185744-001.jpeg
3	1.000000	carcinoma_in_situ_org_150_jpeg/._149147848-149147864-001.jpeg
265	2.000000	light_dysplastic_org_182_jpeg/149140169-149140188-001.jpeg
447	3.000000	moderate_dysplastic_org_146_jpeg/149357849-149357857-002.jpeg
105	1.000000	carcinoma_in_situ_org_150_jpeg/149315229-149315249-002.jpeg
465	3.000000	moderate_dysplastic_org_146_jpeg/153697342-153697375-003.jpeg
142	1.000000	carcinoma_in_situ_org_150_jpeg/153831027-153831045-002.jpeg
299	2.000000	light_dysplastic_org_182_jpeg/153656957-153656964-001.jpeg
29	1.000000	carcinoma_in_situ_org_150_jpeg/149148669-149148707-001.jpeg
198	2.000000	light_dysplastic_org_182_jpeg/148710162-148710195-002.jpeg
458	3.000000	moderate_dysplastic_org_146_jpeg/153276386-153276414-001.jpeg
556	4.000000	normal_columnar_org_98_jpeg/157224172-157224207-001.jpeg
744	7.000000	severe_dysplastic_org_197_jpeg/149056410-149056458-005.jpeg
330	2.000000	light_dysplastic_org_182_jpeg/154520056-154520096-001.jpeg
176	2.000000	light_dysplastic_org_182_jpeg/148499383-148499452-002.jpeg
93	1.000000	carcinoma_in_situ_org_150_jpeg/149187049-149187100-002.jpeg
830	7.000000	severe_dysplastic_org_197_jpeg/153314857-153314909-001.jpeg
266	2.000000	light_dysplastic_org_182_jpeg/149316852-149316872-001.jpeg
648	5.000000	normal_intermediate_org_70_jpeg/209566205-209566289-001.jpeg
511	4.000000	normal_columnar_org_98_jpeg/153958547-153958572-001.jpeg
278	2.000000	light_dysplastic_org_182_jpeg/153268807-153268826-001.jpeg
362	3.000000	moderate_dysplastic_org_146_jpeg/149053945-149053976-001.jpeg
902	7.000000	severe_dysplastic_org_197_jpeg/153830261-153830340-002.jpeg
880	7.000000	severe_dysplastic_org_197_jpeg/153827595-153827618-001.jpeg
53	1.000000	carcinoma_in_situ_org_150_jpeg/149182550-149182608-005.jpeg
375	3.000000	moderate_dysplastic_org_146_jpeg/149057812-149057825-005.jpeg
555	4.000000	normal_columnar_org_98_jpeg/157185781-157185814-002.jpeg
364	3.000000	moderate_dysplastic_org_146_jpeg/149054642-149054724-001.jpeg
435	3.000000	moderate_dysplastic_org_146_jpeg/149140081-149140096-002.jpeg
150	1.000000	carcinoma_in_situ_org_150_jpeg/153916114-153916150-001.jpeg
434	3.000000	moderate_dysplastic_org_146_jpeg/149140081-149140096-001.jpeg
116	1.000000	carcinoma_in_situ_org_150_jpeg/149315775-149315790-002.jpeg
896	7.000000	severe_dysplastic_org_197_jpeg/153829063-153829078-001.jpeg
106	1.000000	carcinoma_in_situ_org_150_jpeg/149315372-149315390-001.jpeg
74	1.000000	carcinoma_in_situ_org_150_jpeg/149185604-149185645-001.jpeg
743	7.000000	severe_dysplastic_org_197_jpeg/149056410-149056458-004.jpeg
676	6.000000	normal_superficiel_org_74_jpeg/157184850-157184870-001.jpeg
96	1.000000	carcinoma_in_situ_org_150_jpeg/149314453-149314507-002.jpeg
369	3.000000	moderate_dysplastic_org_146_jpeg/149057756-149057776-001.jpeg
801	7.000000	severe_dysplastic_org_197_jpeg/149105131-149105155-004.jpeg
791	7.000000	severe_dysplastic_org_197_jpeg/149101894-149101909-001.jpeg
260	2.000000	light_dysplastic_org_182_jpeg/149102442-149102460-002.jpeg
149	1.000000	carcinoma_in_situ_org_150_jpeg/153831471-153831486-004.jpeg
457	3.000000	moderate_dysplastic_org_146_jpeg/153276386-153276405-004.jpeg
846	7.000000	severe_dysplastic_org_197_jpeg/153654325-153654360-003.jpeg
888	7.000000	severe_dysplastic_org_197_jpeg/153828952-153829000-001.jpeg
80	1.000000	carcinoma_in_situ_org_150_jpeg/149185604-149185657-002.jpeg
58	1.000000	carcinoma_in_situ_org_150_jpeg/149182657-149182681-002.jpeg
719	6.000000	normal_superficiel_org_74_jpeg/209047342-209047400-001.jpeg
145	1.000000	carcinoma_in_situ_org_150_jpeg/153831471-153831479-001.jpeg
695	6.000000	normal_superficiel_org_74_jpeg/157223735-157223751-001.jpeg
886	7.000000	severe_dysplastic_org_197_jpeg/153828952-153828970-001.jpeg
423	3.000000	moderate_dysplastic_org_146_jpeg/149105131-149105205-002.jpeg
92	1.000000	carcinoma_in_situ_org_150_jpeg/149187049-149187090-001.jpeg
613	5.000000	normal_intermediate_org_70_jpeg/157223394-157223406-001.jpeg
604	5.000000	normal_intermediate_org_70_jpeg/157222534-157223364-001.jpeg
347	3.000000	moderate_dysplastic_org_146_jpeg/149014631-149014646-003.jpeg
41	1.000000	carcinoma_in_situ_org_150_jpeg/149182125-149182135-001.jpeg
499	4.000000	normal_columnar_org_98_jpeg/153958154-153958168-001.jpeg
391	3.000000	moderate_dysplastic_org_146_jpeg/149061666-149061683-003.jpeg
94	1.000000	carcinoma_in_situ_org_150_jpeg/149314453-149314465-001.jpeg
89	1.000000	carcinoma_in_situ_org_150_jpeg/149185850-149185864-001.jpeg
354	3.000000	moderate_dysplastic_org_146_jpeg/149014929-149015008-001.jpeg
515	4.000000	normal_columnar_org_98_jpeg/153958547-153958572-005.jpeg
45	1.000000	carcinoma_in_situ_org_150_jpeg/149182550-149182571-001.jpeg
339	3.000000	moderate_dysplastic_org_146_jpeg/148848523-148848538-001.jpeg
654	6.000000	normal_superficiel_org_74_jpeg/153958345-153958392-001.jpeg
658	6.000000	normal_superficiel_org_74_jpeg/157181525-157181540-001.jpeg
542	4.000000	normal_columnar_org_98_jpeg/157185433-157185508-004.jpeg
848	7.000000	severe_dysplastic_org_197_jpeg/153654869-153654880-003.jpeg
767	7.000000	severe_dysplastic_org_197_jpeg/149058170-149058202-001.jpeg
800	7.000000	severe_dysplastic_org_197_jpeg/149105131-149105155-003.jpeg
174	2.000000	light_dysplastic_org_182_jpeg/148499383-148499424-002.jpeg
768	7.000000	severe_dysplastic_org_197_jpeg/149058170-149058202-002.jpeg
700	6.000000	normal_superficiel_org_74_jpeg/157224297-157224304-001.jpeg
625	5.000000	normal_intermediate_org_70_jpeg/209048086-209048239-001.jpeg
26	1.000000	carcinoma_in_situ_org_150_jpeg/149148124-149148181-002.jpeg
782	7.000000	severe_dysplastic_org_197_jpeg/149096505-149096614-003.jpeg
239	2.000000	light_dysplastic_org_182_jpeg/149054277-149054304-001.jpeg
847	7.000000	severe_dysplastic_org_197_jpeg/153654869-153654880-001.jpeg
840	7.000000	severe_dysplastic_org_197_jpeg/153654325-153654351-001.jpeg
916	7.000000	severe_dysplastic_org_197_jpeg/153915634-153915665-005.jpeg
318	2.000000	light_dysplastic_org_182_jpeg/153701139-153701148-001.jpeg
180	2.000000	light_dysplastic_org_182_jpeg/148503071-148503092-001.jpeg
290	2.000000	light_dysplastic_org_182_jpeg/153354589-153354597-001.jpeg
629	5.000000	normal_intermediate_org_70_jpeg/209522474-209522522-001.jpeg
715	6.000000	normal_superficiel_org_74_jpeg/158987033-158987057-001.jpeg
749	7.000000	severe_dysplastic_org_197_jpeg/149056785-149056797-004.jpeg
317	2.000000	light_dysplastic_org_182_jpeg/153701009-153701019-002.jpeg
1	0.000000	carcinoma_in_situ_org_150/149143370-149143378-001.jpeg
381	3.000000	moderate_dysplastic_org_146_jpeg/149058262-149058272-003.jpeg
470	3.000000	moderate_dysplastic_org_146_jpeg/153698259-153698268-003.jpeg
232	2.000000	light_dysplastic_org_182_jpeg/149011613-149011656-001.jpeg
128	1.000000	carcinoma_in_situ_org_150_jpeg/149317114-149317152-001.jpeg
326	2.000000	light_dysplastic_org_182_jpeg/153829664-153829672-001.jpeg
518	4.000000	normal_columnar_org_98_jpeg/153958547-153958572-008.jpeg
858	7.000000	severe_dysplastic_org_197_jpeg/153657121-153657160-002.jpeg
301	2.000000	light_dysplastic_org_182_jpeg/153657257-153657289-002.jpeg
61	1.000000	carcinoma_in_situ_org_150_jpeg/149182657-149182698-002.jpeg
692	6.000000	normal_superficiel_org_74_jpeg/157222904-157223217-001.jpeg
167	2.000000	light_dysplastic_org_182_jpeg/148497788-148497816-001.jpeg
158	2.000000	light_dysplastic_org_182_jpeg/148495491-148495504-001.jpeg
609	5.000000	normal_intermediate_org_70_jpeg/157222801-157222844-001.jpeg
742	7.000000	severe_dysplastic_org_197_jpeg/149056410-149056458-002.jpeg
903	7.000000	severe_dysplastic_org_197_jpeg/153830680-153830827-001.jpeg
351	3.000000	moderate_dysplastic_org_146_jpeg/149014631-149014654-003.jpeg
452	3.000000	moderate_dysplastic_org_146_jpeg/153275893-153275939-001.jpeg
657	6.000000	normal_superficiel_org_74_jpeg/157181387-157181418-001.jpeg
255	2.000000	light_dysplastic_org_182_jpeg/149099398-149099421-001.jpeg
802	7.000000	severe_dysplastic_org_197_jpeg/149142457-149142465-001.jpeg
97	1.000000	carcinoma_in_situ_org_150_jpeg/149314453-149314507-003.jpeg
697	6.000000	normal_superficiel_org_74_jpeg/157223779-157224126-001.jpeg
709	6.000000	normal_superficiel_org_74_jpeg/157267647-157267732-001.jpeg
196	2.000000	light_dysplastic_org_182_jpeg/148503900-148503914-001.jpeg
807	7.000000	severe_dysplastic_org_197_jpeg/149143469-149143497-001.jpeg
747	7.000000	severe_dysplastic_org_197_jpeg/149056785-149056797-001.jpeg
621	5.000000	normal_intermediate_org_70_jpeg/158989297-158989324-001.jpeg
328	2.000000	light_dysplastic_org_182_jpeg/153829745-153829754-001.jpeg
147	1.000000	carcinoma_in_situ_org_150_jpeg/153831471-153831486-002.jpeg
797	7.000000	severe_dysplastic_org_197_jpeg/149101894-149101930-003.jpeg
356	3.000000	moderate_dysplastic_org_146_jpeg/149014929-149015008-003.jpeg
828	7.000000	severe_dysplastic_org_197_jpeg/149317204-149317230-002.jpeg
876	7.000000	severe_dysplastic_org_197_jpeg/153827595-153827604-002.jpeg
612	5.000000	normal_intermediate_org_70_jpeg/157223321-157223341-001.jpeg
829	7.000000	severe_dysplastic_org_197_jpeg/149317204-149317230-003.jpeg
410	3.000000	moderate_dysplastic_org_146_jpeg/149101437-149101467-001.jpeg
683	6.000000	normal_superficiel_org_74_jpeg/157185164-157185177-001.jpeg
42	1.000000	carcinoma_in_situ_org_150_jpeg/149182125-149182135-002.jpeg
467	3.000000	moderate_dysplastic_org_146_jpeg/153697342-153697384-002.jpeg
31	1.000000	carcinoma_in_situ_org_150_jpeg/149148669-149148707-003.jpeg
125	1.000000	carcinoma_in_situ_org_150_jpeg/149316426-149316462-002.jpeg
84	1.000000	carcinoma_in_situ_org_150_jpeg/149185698-149185721-002.jpeg
577	4.000000	normal_columnar_org_98_jpeg/158986920-158986928-001.jpeg
851	7.000000	severe_dysplastic_org_197_jpeg/153655016-153655039-003.jpeg
276	2.000000	light_dysplastic_org_182_jpeg/153266866-153266917-002.jpeg
677	6.000000	normal_superficiel_org_74_jpeg/157184850-157184891-001.jpeg
562	4.000000	normal_columnar_org_98_jpeg/157227461-157227503-003.jpeg
466	3.000000	moderate_dysplastic_org_146_jpeg/153697342-153697384-001.jpeg
322	2.000000	light_dysplastic_org_182_jpeg/153702037-153702051-001.jpeg
235	2.000000	light_dysplastic_org_182_jpeg/149015418-149015435-001.jpeg
119	1.000000	carcinoma_in_situ_org_150_jpeg/149316117-149316122-002.jpeg
464	3.000000	moderate_dysplastic_org_146_jpeg/153697342-153697375-002.jpeg
382	3.000000	moderate_dysplastic_org_146_jpeg/149058262-149058288-001.jpeg
871	7.000000	severe_dysplastic_org_197_jpeg/153826963-153826982-002.jpeg
883	7.000000	severe_dysplastic_org_197_jpeg/153828877-153828890-002.jpeg
81	1.000000	carcinoma_in_situ_org_150_jpeg/149185698-149185709-001.jpeg
487	4.000000	normal_columnar_org_98_jpeg/153956040-153956058-003.jpeg
614	5.000000	normal_intermediate_org_70_jpeg/157223394-157223406-002.jpeg
377	3.000000	moderate_dysplastic_org_146_jpeg/149057812-149057847-003.jpeg
309	2.000000	light_dysplastic_org_182_jpeg/153657599-153657633-001.jpeg
230	2.000000	light_dysplastic_org_182_jpeg/148884702-148884710-002.jpeg
547	4.000000	normal_columnar_org_98_jpeg/157185527-157185540-003.jpeg
79	1.000000	carcinoma_in_situ_org_150_jpeg/149185604-149185657-001.jpeg
253	2.000000	light_dysplastic_org_182_jpeg/149099276-149099290-001.jpeg
257	2.000000	light_dysplastic_org_182_jpeg/149099502-149099525-002.jpeg
306	2.000000	light_dysplastic_org_182_jpeg/153657599-153657610-001.jpeg
284	2.000000	light_dysplastic_org_182_jpeg/153314466-153314473-002.jpeg
286	2.000000	light_dysplastic_org_182_jpeg/153314759-153314767-002.jpeg
734	7.000000	severe_dysplastic_org_197_jpeg/149056410-149056423-001.jpeg
335	2.000000	light_dysplastic_org_182_jpeg/204870951-204870961-001.jpeg
288	2.000000	light_dysplastic_org_182_jpeg/153314857-153314882-001.jpeg
855	7.000000	severe_dysplastic_org_197_jpeg/153655087-153655101-003.jpeg
292	2.000000	light_dysplastic_org_182_jpeg/153354858-153354901-001.jpeg
628	5.000000	normal_intermediate_org_70_jpeg/209522316-209522391-001.jpeg
626	5.000000	normal_intermediate_org_70_jpeg/209307421-209307504-001.jpeg
593	5.000000	normal_intermediate_org_70_jpeg/157183828-157183887-001.jpeg
702	6.000000	normal_superficiel_org_74_jpeg/157224297-157224320-001.jpeg
387	3.000000	moderate_dysplastic_org_146_jpeg/149060626-149060638-001.jpeg
726	6.000000	normal_superficiel_org_74_jpeg/209048086-209048278-001.jpeg
850	7.000000	severe_dysplastic_org_197_jpeg/153655016-153655039-001.jpeg
271	2.000000	light_dysplastic_org_182_jpeg/149788716-149788727-003.jpeg
584	5.000000	normal_intermediate_org_70_jpeg/153955676-153955721-001.jpeg
30	1.000000	carcinoma_in_situ_org_150_jpeg/149148669-149148707-002.jpeg
217	2.000000	light_dysplastic_org_182_jpeg/148881870-148882178-002.jpeg
823	7.000000	severe_dysplastic_org_197_jpeg/149316754-149316795-002.jpeg
653	5.000000	normal_intermediate_org_70_jpeg/209566399-209566517-001.jpeg
98	1.000000	carcinoma_in_situ_org_150_jpeg/149314453-149314507-004.jpeg
72	1.000000	carcinoma_in_situ_org_150_jpeg/149185604-149185616-001.jpeg
898	7.000000	severe_dysplastic_org_197_jpeg/153829745-153829768-001.jpeg
892	7.000000	severe_dysplastic_org_197_jpeg/153828952-153829005-002.jpeg
816	7.000000	severe_dysplastic_org_197_jpeg/149314587-149314605-001.jpeg
270	2.000000	light_dysplastic_org_182_jpeg/149788716-149788727-002.jpeg
833	7.000000	severe_dysplastic_org_197_jpeg/153314956-153314985-001.jpeg
790	7.000000	severe_dysplastic_org_197_jpeg/149100006-149100028-002.jpeg
516	4.000000	normal_columnar_org_98_jpeg/153958547-153958572-006.jpeg
821	7.000000	severe_dysplastic_org_197_jpeg/149315229-149315310-001.jpeg
181	2.000000	light_dysplastic_org_182_jpeg/148503071-148503092-002.jpeg
47	1.000000	carcinoma_in_situ_org_150_jpeg/149182550-149182571-003.jpeg
12	1.000000	carcinoma_in_situ_org_150_jpeg/149146635-149146651-003.jpeg
35	1.000000	carcinoma_in_situ_org_150_jpeg/149181904-149182017-001.jpeg
28	1.000000	carcinoma_in_situ_org_150_jpeg/149148124-149148181-004.jpeg
242	2.000000	light_dysplastic_org_182_jpeg/149054526-149054563-001.jpeg
803	7.000000	severe_dysplastic_org_197_jpeg/149143028-149143108-001.jpeg
343	3.000000	moderate_dysplastic_org_146_jpeg/148848523-148848559-004.jpeg
764	7.000000	severe_dysplastic_org_197_jpeg/149057164-149057176-001.jpeg
694	6.000000	normal_superficiel_org_74_jpeg/157223659-157223667-002.jpeg
406	3.000000	moderate_dysplastic_org_146_jpeg/149099502-149099544-001.jpeg
405	3.000000	moderate_dysplastic_org_146_jpeg/149098972-149099015-002.jpeg
52	1.000000	carcinoma_in_situ_org_150_jpeg/149182550-149182608-004.jpeg
877	7.000000	severe_dysplastic_org_197_jpeg/153827595-153827604-004.jpeg
520	4.000000	normal_columnar_org_98_jpeg/153958547-153958590-001.jpeg
486	4.000000	normal_columnar_org_98_jpeg/153956040-153956058-002.jpeg
85	1.000000	carcinoma_in_situ_org_150_jpeg/149185698-149185721-003.jpeg
269	2.000000	light_dysplastic_org_182_jpeg/149788716-149788727-001.jpeg
404	3.000000	moderate_dysplastic_org_146_jpeg/149098972-149099015-001.jpeg
919	7.000000	severe_dysplastic_org_197_jpeg/153915726-153915736-001.jpeg
529	4.000000	normal_columnar_org_98_jpeg/157184850-157184920-001.jpeg
39	1.000000	carcinoma_in_situ_org_150_jpeg/149181904-149182044-002.jpeg
422	3.000000	moderate_dysplastic_org_146_jpeg/149105131-149105205-001.jpeg
86	1.000000	carcinoma_in_situ_org_150_jpeg/149185698-149185721-004.jpeg
874	7.000000	severe_dysplastic_org_197_jpeg/153826963-153826989-002.jpeg
875	7.000000	severe_dysplastic_org_197_jpeg/153827595-153827604-001.jpeg
302	2.000000	light_dysplastic_org_182_jpeg/153657327-153657363-001.jpeg
66	1.000000	carcinoma_in_situ_org_150_jpeg/149185405-149185423-001.jpeg
549	4.000000	normal_columnar_org_98_jpeg/157185730-157185758-001.jpeg
869	7.000000	severe_dysplastic_org_197_jpeg/153826963-153826976-003.jpeg
498	4.000000	normal_columnar_org_98_jpeg/153956444-153956458-004.jpeg
920	7.000000	severe_dysplastic_org_197_jpeg/153915726-153915774-001.jpeg
243	2.000000	light_dysplastic_org_182_jpeg/149054642-149054677-002.jpeg
21	1.000000	carcinoma_in_situ_org_150_jpeg/149147848-149147864-003.jpeg
148	1.000000	carcinoma_in_situ_org_150_jpeg/153831471-153831486-003.jpeg
350	3.000000	moderate_dysplastic_org_146_jpeg/149014631-149014654-002.jpeg
189	2.000000	light_dysplastic_org_182_jpeg/148503568-148503580-002.jpeg
756	7.000000	severe_dysplastic_org_197_jpeg/149056873-149056884-002.jpeg
194	2.000000	light_dysplastic_org_182_jpeg/148503664-148503685-001.jpeg
331	2.000000	light_dysplastic_org_182_jpeg/204870858-204870872-001.jpeg
367	3.000000	moderate_dysplastic_org_146_jpeg/149057756-149057766-001.jpeg
345	3.000000	moderate_dysplastic_org_146_jpeg/149014631-149014646-001.jpeg
297	2.000000	light_dysplastic_org_182_jpeg/153656862-153656873-001.jpeg
484	3.000000	moderate_dysplastic_org_146_jpeg/204870892-204870910-001.jpeg
409	3.000000	moderate_dysplastic_org_146_jpeg/149101437-149101456-001.jpeg
454	3.000000	moderate_dysplastic_org_146_jpeg/153276386-153276405-001.jpeg
685	6.000000	normal_superficiel_org_74_jpeg/157185208-157185238-001.jpeg
595	5.000000	normal_intermediate_org_70_jpeg/157184013-157184039-001.jpeg
15	1.000000	carcinoma_in_situ_org_150_jpeg/149146886-149146936-002.jpeg
48	1.000000	carcinoma_in_situ_org_150_jpeg/149182550-149182571-004.jpeg
155	2.000000	light_dysplastic_org_182_jpeg/._148497788-148497836-002.jpeg
575	4.000000	normal_columnar_org_98_jpeg/158986813-158986820-001.jpeg
165	2.000000	light_dysplastic_org_182_jpeg/148497676-148497704-001.jpeg
69	1.000000	carcinoma_in_situ_org_150_jpeg/149185497-149185527-001.jpeg
494	4.000000	normal_columnar_org_98_jpeg/153956040-153956072-004.jpeg
229	2.000000	light_dysplastic_org_182_jpeg/148884702-148884710-001.jpeg
760	7.000000	severe_dysplastic_org_197_jpeg/149056933-149056982-002.jpeg
169	2.000000	light_dysplastic_org_182_jpeg/148497788-148497836-001.jpeg
9	1.000000	carcinoma_in_situ_org_150_jpeg/149143370-149143388-003.jpeg
724	6.000000	normal_superficiel_org_74_jpeg/209047881-209048017-001.jpeg
227	2.000000	light_dysplastic_org_182_jpeg/148883900-148883907-001.jpeg
91	1.000000	carcinoma_in_situ_org_150_jpeg/149187049-149187073-001.jpeg
67	1.000000	carcinoma_in_situ_org_150_jpeg/149185405-149185423-002.jpeg
461	3.000000	moderate_dysplastic_org_146_jpeg/153697342-153697366-001.jpeg
507	4.000000	normal_columnar_org_98_jpeg/153958154-153958211-001.jpeg
827	7.000000	severe_dysplastic_org_197_jpeg/149317204-149317230-001.jpeg
349	3.000000	moderate_dysplastic_org_146_jpeg/149014631-149014654-001.jpeg
578	4.000000	normal_columnar_org_98_jpeg/158986920-158986928-002.jpeg
804	7.000000	severe_dysplastic_org_197_jpeg/149143028-149143108-002.jpeg
455	3.000000	moderate_dysplastic_org_146_jpeg/153276386-153276405-002.jpeg
139	1.000000	carcinoma_in_situ_org_150_jpeg/153831027-153831036-001.jpeg
501	4.000000	normal_columnar_org_98_jpeg/153958154-153958179-001.jpeg
490	4.000000	normal_columnar_org_98_jpeg/153956040-153956058-006.jpeg
663	6.000000	normal_superficiel_org_74_jpeg/157183193-157183241-001.jpeg
558	4.000000	normal_columnar_org_98_jpeg/157224172-157224207-003.jpeg
459	3.000000	moderate_dysplastic_org_146_jpeg/153276799-153276818-002.jpeg
413	3.000000	moderate_dysplastic_org_146_jpeg/149101620-149101650-002.jpeg
731	7.000000	severe_dysplastic_org_197_jpeg/149056321-149056360-001.jpeg
624	5.000000	normal_intermediate_org_70_jpeg/209047881-209047928-001.jpeg
591	5.000000	normal_intermediate_org_70_jpeg/157183828-157183840-001.jpeg
187	2.000000	light_dysplastic_org_182_jpeg/148503400-148503432-001.jpeg
164	2.000000	light_dysplastic_org_182_jpeg/148497551-148497625-001.jpeg
118	1.000000	carcinoma_in_situ_org_150_jpeg/149316025-149316032-001.jpeg
437	3.000000	moderate_dysplastic_org_146_jpeg/149140849-149140856-001.jpeg
121	1.000000	carcinoma_in_situ_org_150_jpeg/149316117-149316122-004.jpeg
44	1.000000	carcinoma_in_situ_org_150_jpeg/149182355-149182396-001.jpeg
863	7.000000	severe_dysplastic_org_197_jpeg/153659229-153659256-002.jpeg
311	2.000000	light_dysplastic_org_182_jpeg/153657698-153657708-001.jpeg
380	3.000000	moderate_dysplastic_org_146_jpeg/149057812-149057847-006.jpeg
333	2.000000	light_dysplastic_org_182_jpeg/204870926-204870933-001.jpeg
610	5.000000	normal_intermediate_org_70_jpeg/157223246-157223258-001.jpeg
672	6.000000	normal_superficiel_org_74_jpeg/157183964-157183980-001.jpeg
207	2.000000	light_dysplastic_org_182_jpeg/148719372-148719378-001.jpeg
448	3.000000	moderate_dysplastic_org_146_jpeg/149357849-149357857-003.jpeg
620	5.000000	normal_intermediate_org_70_jpeg/157268504-157268534-001.jpeg
673	6.000000	normal_superficiel_org_74_jpeg/157183964-157183991-001.jpeg
897	7.000000	severe_dysplastic_org_197_jpeg/153829063-153829086-001.jpeg
912	7.000000	severe_dysplastic_org_197_jpeg/153915432-153915472-001.jpeg
361	3.000000	moderate_dysplastic_org_146_jpeg/149053945-149053969-001.jpeg
496	4.000000	normal_columnar_org_98_jpeg/153956444-153956458-002.jpeg
170	2.000000	light_dysplastic_org_182_jpeg/148497788-148497836-002.jpeg
50	1.000000	carcinoma_in_situ_org_150_jpeg/149182550-149182608-002.jpeg
739	7.000000	severe_dysplastic_org_197_jpeg/149056410-149056444-004.jpeg
320	2.000000	light_dysplastic_org_182_jpeg/153701949-153701958-001.jpeg
598	5.000000	normal_intermediate_org_70_jpeg/157185575-157185586-001.jpeg
154	2.000000	light_dysplastic_org_182_jpeg/._148497788-148497816-002.jpeg
561	4.000000	normal_columnar_org_98_jpeg/157227461-157227503-002.jpeg
705	6.000000	normal_superficiel_org_74_jpeg/157224352-157224395-001.jpeg
252	2.000000	light_dysplastic_org_182_jpeg/149095972-149095990-001.jpeg
576	4.000000	normal_columnar_org_98_jpeg/158986813-158986820-002.jpeg
645	5.000000	normal_intermediate_org_70_jpeg/209566047-209566125-001.jpeg
822	7.000000	severe_dysplastic_org_197_jpeg/149315229-149315310-002.jpeg
221	2.000000	light_dysplastic_org_182_jpeg/148882307-148882410-001.jpeg
427	3.000000	moderate_dysplastic_org_146_jpeg/149105131-149105260-002.jpeg
510	4.000000	normal_columnar_org_98_jpeg/153958345-153958364-001.jpeg
893	7.000000	severe_dysplastic_org_197_jpeg/153828952-153829009-002.jpeg
429	3.000000	moderate_dysplastic_org_146_jpeg/149105289-149105300-002.jpeg
431	3.000000	moderate_dysplastic_org_146_jpeg/149105289-149105311-002.jpeg
834	7.000000	severe_dysplastic_org_197_jpeg/153314956-153314985-002.jpeg
523	4.000000	normal_columnar_org_98_jpeg/157181146-157181197-002.jpeg
19	1.000000	carcinoma_in_situ_org_150_jpeg/149147848-149147864-001.jpeg
178	2.000000	light_dysplastic_org_182_jpeg/148499815-148500094-001.jpeg
323	2.000000	light_dysplastic_org_182_jpeg/153702037-153702051-002.jpeg
338	2.000000	light_dysplastic_org_182_jpeg/204871030-204871038-002.jpeg
585	5.000000	normal_intermediate_org_70_jpeg/153955676-153955746-001.jpeg
280	2.000000	light_dysplastic_org_182_jpeg/153275831-153275844-001.jpeg
637	5.000000	normal_intermediate_org_70_jpeg/209565409-209565503-001.jpeg
193	2.000000	light_dysplastic_org_182_jpeg/148503664-148503675-002.jpeg
220	2.000000	light_dysplastic_org_182_jpeg/148882307-148882323-002.jpeg
11	1.000000	carcinoma_in_situ_org_150_jpeg/149146635-149146651-002.jpeg
112	1.000000	carcinoma_in_situ_org_150_jpeg/149315671-149315740-004.jpeg
646	5.000000	normal_intermediate_org_70_jpeg/209566205-209566247-001.jpeg
109	1.000000	carcinoma_in_situ_org_150_jpeg/149315671-149315740-001.jpeg
699	6.000000	normal_superficiel_org_74_jpeg/157224244-157224258-001.jpeg
324	2.000000	light_dysplastic_org_182_jpeg/153702037-153702051-003.jpeg
831	7.000000	severe_dysplastic_org_197_jpeg/153314857-153314909-002.jpeg
32	1.000000	carcinoma_in_situ_org_150_jpeg/149181904-149181927-001.jpeg
746	7.000000	severe_dysplastic_org_197_jpeg/149056545-149056555-002.jpeg
432	3.000000	moderate_dysplastic_org_146_jpeg/149105289-149105311-003.jpeg
799	7.000000	severe_dysplastic_org_197_jpeg/149105131-149105155-002.jpeg
766	7.000000	severe_dysplastic_org_197_jpeg/149057164-149057197-002.jpeg
623	5.000000	normal_intermediate_org_70_jpeg/209047526-209047762-001.jpeg
842	7.000000	severe_dysplastic_org_197_jpeg/153654325-153654351-003.jpeg
430	3.000000	moderate_dysplastic_org_146_jpeg/149105289-149105311-001.jpeg
738	7.000000	severe_dysplastic_org_197_jpeg/149056410-149056444-003.jpeg
909	7.000000	severe_dysplastic_org_197_jpeg/153831352-153831372-004.jpeg
216	2.000000	light_dysplastic_org_182_jpeg/148881870-148882178-001.jpeg
574	4.000000	normal_columnar_org_98_jpeg/158986766-158986776-002.jpeg
664	6.000000	normal_superficiel_org_74_jpeg/157183193-157183279-001.jpeg
197	2.000000	light_dysplastic_org_182_jpeg/148710162-148710195-001.jpeg
315	2.000000	light_dysplastic_org_182_jpeg/153700207-153700224-001.jpeg
56	1.000000	carcinoma_in_situ_org_150_jpeg/149182657-149182667-003.jpeg
372	3.000000	moderate_dysplastic_org_146_jpeg/149057812-149057825-001.jpeg
551	4.000000	normal_columnar_org_98_jpeg/157185781-157185793-001.jpeg
696	6.000000	normal_superficiel_org_74_jpeg/157223735-157223766-001.jpeg
669	6.000000	normal_superficiel_org_74_jpeg/157183412-157183638-001.jpeg
706	6.000000	normal_superficiel_org_74_jpeg/157224412-157224429-001.jpeg
200	2.000000	light_dysplastic_org_182_jpeg/148714902-148714917-001.jpeg
651	5.000000	normal_intermediate_org_70_jpeg/209566399-209566464-001.jpeg
765	7.000000	severe_dysplastic_org_197_jpeg/149057164-149057197-001.jpeg
824	7.000000	severe_dysplastic_org_197_jpeg/149317002-149317010-001.jpeg
779	7.000000	severe_dysplastic_org_197_jpeg/149062753-149062761-001.jpeg
718	6.000000	normal_superficiel_org_74_jpeg/158987493-158987505-001.jpeg
172	2.000000	light_dysplastic_org_182_jpeg/148498683-148498716-001.jpeg
849	7.000000	severe_dysplastic_org_197_jpeg/153654869-153654880-004.jpeg
600	5.000000	normal_intermediate_org_70_jpeg/157222534-157222561-001.jpeg
783	7.000000	severe_dysplastic_org_197_jpeg/149096854-149096870-001.jpeg
182	2.000000	light_dysplastic_org_182_jpeg/148503209-148503222-001.jpeg
867	7.000000	severe_dysplastic_org_197_jpeg/153826963-153826976-001.jpeg
789	7.000000	severe_dysplastic_org_197_jpeg/149100006-149100028-001.jpeg
488	4.000000	normal_columnar_org_98_jpeg/153956040-153956058-004.jpeg
450	3.000000	moderate_dysplastic_org_146_jpeg/149357849-149357867-002.jpeg
606	5.000000	normal_intermediate_org_70_jpeg/157222647-157222687-001.jpeg
590	5.000000	normal_intermediate_org_70_jpeg/157183412-157183656-001.jpeg
22	1.000000	carcinoma_in_situ_org_150_jpeg/149147949-149147960-001.jpeg
283	2.000000	light_dysplastic_org_182_jpeg/153314466-153314473-001.jpeg
436	3.000000	moderate_dysplastic_org_146_jpeg/149140536-149140551-001.jpeg
68	1.000000	carcinoma_in_situ_org_150_jpeg/149185405-149185457-001.jpeg
282	2.000000	light_dysplastic_org_182_jpeg/153314083-153314092-002.jpeg
8	1.000000	carcinoma_in_situ_org_150_jpeg/149143370-149143388-002.jpeg
399	3.000000	moderate_dysplastic_org_146_jpeg/149097324-149097373-001.jpeg
540	4.000000	normal_columnar_org_98_jpeg/157185433-157185508-002.jpeg
835	7.000000	severe_dysplastic_org_197_jpeg/153314956-153314996-001.jpeg
725	6.000000	normal_superficiel_org_74_jpeg/209048086-209048137-001.jpeg
304	2.000000	light_dysplastic_org_182_jpeg/153657419-153657488-001.jpeg
508	4.000000	normal_columnar_org_98_jpeg/153958154-153958248-002.jpeg
531	4.000000	normal_columnar_org_98_jpeg/157185433-157185454-001.jpeg
298	2.000000	light_dysplastic_org_182_jpeg/153656862-153656891-001.jpeg
40	1.000000	carcinoma_in_situ_org_150_jpeg/149181904-149182044-003.jpeg
214	2.000000	light_dysplastic_org_182_jpeg/148881870-148881960-001.jpeg
211	2.000000	light_dysplastic_org_182_jpeg/148842055-148842064-001.jpeg
537	4.000000	normal_columnar_org_98_jpeg/157185433-157185479-006.jpeg
6	1.000000	carcinoma_in_situ_org_150_jpeg/149143370-149143378-003.jpeg
289	2.000000	light_dysplastic_org_182_jpeg/153314857-153314882-002.jpeg
627	5.000000	normal_intermediate_org_70_jpeg/209307421-209307561-001.jpeg
472	3.000000	moderate_dysplastic_org_146_jpeg/153701139-153701158-003.jpeg
861	7.000000	severe_dysplastic_org_197_jpeg/153659229-153659243-003.jpeg
588	5.000000	normal_intermediate_org_70_jpeg/157183332-157183388-001.jpeg
308	2.000000	light_dysplastic_org_182_jpeg/153657599-153657622-002.jpeg
18	1.000000	carcinoma_in_situ_org_150_jpeg/149147060-149147075-003.jpeg
226	2.000000	light_dysplastic_org_182_jpeg/148882671-148882687-002.jpeg
832	7.000000	severe_dysplastic_org_197_jpeg/153314956-153314978-003.jpeg
231	2.000000	light_dysplastic_org_182_jpeg/148886869-148886897-001.jpeg
788	7.000000	severe_dysplastic_org_197_jpeg/149099096-149099104-001.jpeg
258	2.000000	light_dysplastic_org_182_jpeg/149100006-149100018-001.jpeg
924	7.000000	severe_dysplastic_org_197_jpeg/153916922-153916963-001.jpeg
159	2.000000	light_dysplastic_org_182_jpeg/148495553-148495585-001.jpeg
123	1.000000	carcinoma_in_situ_org_150_jpeg/149316117-149316131-002.jpeg
259	2.000000	light_dysplastic_org_182_jpeg/149102442-149102451-001.jpeg
908	7.000000	severe_dysplastic_org_197_jpeg/153831352-153831372-003.jpeg
224	2.000000	light_dysplastic_org_182_jpeg/148882535-148882616-002.jpeg
763	7.000000	severe_dysplastic_org_197_jpeg/149056933-149056982-006.jpeg
25	1.000000	carcinoma_in_situ_org_150_jpeg/149148124-149148181-001.jpeg
665	6.000000	normal_superficiel_org_74_jpeg/157183332-157183346-001.jpeg
192	2.000000	light_dysplastic_org_182_jpeg/148503664-148503675-001.jpeg
721	6.000000	normal_superficiel_org_74_jpeg/209047342-209047478-001.jpeg
570	4.000000	normal_columnar_org_98_jpeg/157267059-157267072-004.jpeg
710	6.000000	normal_superficiel_org_74_jpeg/157268242-157268296-001.jpeg
792	7.000000	severe_dysplastic_org_197_jpeg/149101894-149101909-002.jpeg
177	2.000000	light_dysplastic_org_182_jpeg/148499383-148499474-001.jpeg
601	5.000000	normal_intermediate_org_70_jpeg/157222534-157222579-001.jpeg
115	1.000000	carcinoma_in_situ_org_150_jpeg/149315775-149315790-001.jpeg
137	1.000000	carcinoma_in_situ_org_150_jpeg/153827595-153827669-001.jpeg
758	7.000000	severe_dysplastic_org_197_jpeg/149056933-149056945-004.jpeg
307	2.000000	light_dysplastic_org_182_jpeg/153657599-153657610-002.jpeg
923	7.000000	severe_dysplastic_org_197_jpeg/153916114-153916129-002.jpeg
777	7.000000	severe_dysplastic_org_197_jpeg/149061548-149061568-003.jpeg
312	2.000000	light_dysplastic_org_182_jpeg/153697097-153697106-001.jpeg
483	3.000000	moderate_dysplastic_org_146_jpeg/204870892-204870902-001.jpeg
453	3.000000	moderate_dysplastic_org_146_jpeg/153275893-153275939-003.jpeg
206	2.000000	light_dysplastic_org_182_jpeg/148719308-148719357-002.jpeg
485	4.000000	normal_columnar_org_98_jpeg/153956040-153956058-001.jpeg
267	2.000000	light_dysplastic_org_182_jpeg/149317002-149317018-001.jpeg
762	7.000000	severe_dysplastic_org_197_jpeg/149056933-149056982-005.jpeg
146	1.000000	carcinoma_in_situ_org_150_jpeg/153831471-153831486-001.jpeg
474	3.000000	moderate_dysplastic_org_146_jpeg/153701139-153701158-005.jpeg
541	4.000000	normal_columnar_org_98_jpeg/157185433-157185508-003.jpeg
545	4.000000	normal_columnar_org_98_jpeg/157185527-157185540-001.jpeg
680	6.000000	normal_superficiel_org_74_jpeg/157184999-157185032-001.jpeg
396	3.000000	moderate_dysplastic_org_146_jpeg/149096505-149096567-001.jpeg
728	7.000000	severe_dysplastic_org_197_jpeg/149056321-149056343-001.jpeg
438	3.000000	moderate_dysplastic_org_146_jpeg/149143434-149143442-001.jpeg
101	1.000000	carcinoma_in_situ_org_150_jpeg/149314679-149314698-003.jpeg
273	2.000000	light_dysplastic_org_182_jpeg/149788987-149788996-003.jpeg
569	4.000000	normal_columnar_org_98_jpeg/157267059-157267072-003.jpeg
76	1.000000	carcinoma_in_situ_org_150_jpeg/149185604-149185645-003.jpeg
156	2.000000	light_dysplastic_org_182_jpeg/._148498683-148498703-001.jpeg
63	1.000000	carcinoma_in_situ_org_150_jpeg/149182657-149182713-001.jpeg
538	4.000000	normal_columnar_org_98_jpeg/157185433-157185479-007.jpeg
736	7.000000	severe_dysplastic_org_197_jpeg/149056410-149056423-003.jpeg
546	4.000000	normal_columnar_org_98_jpeg/157185527-157185540-002.jpeg
571	4.000000	normal_columnar_org_98_jpeg/157267263-157267286-001.jpeg
228	2.000000	light_dysplastic_org_182_jpeg/148883996-148884017-001.jpeg
199	2.000000	light_dysplastic_org_182_jpeg/148714237-148714247-001.jpeg
881	7.000000	severe_dysplastic_org_197_jpeg/153827595-153827618-002.jpeg
71	1.000000	carcinoma_in_situ_org_150_jpeg/149185497-149185527-003.jpeg
120	1.000000	carcinoma_in_situ_org_150_jpeg/149316117-149316122-003.jpeg
808	7.000000	severe_dysplastic_org_197_jpeg/149143469-149143497-002.jpeg
294	2.000000	light_dysplastic_org_182_jpeg/153655593-153655600-001.jpeg
131	1.000000	carcinoma_in_situ_org_150_jpeg/149357956-149358043-001.jpeg
729	7.000000	severe_dysplastic_org_197_jpeg/149056321-149056343-002.jpeg
237	2.000000	light_dysplastic_org_182_jpeg/149053423-149053447-001.jpeg
264	2.000000	light_dysplastic_org_182_jpeg/149140169-149140178-002.jpeg
344	3.000000	moderate_dysplastic_org_146_jpeg/149013033-149013072-001.jpeg
573	4.000000	normal_columnar_org_98_jpeg/158986766-158986776-001.jpeg
376	3.000000	moderate_dysplastic_org_146_jpeg/149057812-149057847-002.jpeg
414	3.000000	moderate_dysplastic_org_146_jpeg/149101620-149101650-003.jpeg
582	4.000000	normal_columnar_org_98_jpeg/158986920-158986928-006.jpeg
524	4.000000	normal_columnar_org_98_jpeg/157181146-157181197-003.jpeg
418	3.000000	moderate_dysplastic_org_146_jpeg/149102510-149102519-002.jpeg
383	3.000000	moderate_dysplastic_org_146_jpeg/149058262-149058288-002.jpeg
428	3.000000	moderate_dysplastic_org_146_jpeg/149105289-149105300-001.jpeg
859	7.000000	severe_dysplastic_org_197_jpeg/153659229-153659243-001.jpeg
607	5.000000	normal_intermediate_org_70_jpeg/157222801-157222811-001.jpeg
355	3.000000	moderate_dysplastic_org_146_jpeg/149014929-149015008-002.jpeg
408	3.000000	moderate_dysplastic_org_146_jpeg/149100064-149100072-001.jpeg
386	3.000000	moderate_dysplastic_org_146_jpeg/149058262-149058288-005.jpeg
655	6.000000	normal_superficiel_org_74_jpeg/153960256-153960295-002.jpeg
336	2.000000	light_dysplastic_org_182_jpeg/204870951-204870961-002.jpeg
589	5.000000	normal_intermediate_org_70_jpeg/157183332-157183388-002.jpeg
820	7.000000	severe_dysplastic_org_197_jpeg/149315229-149315291-003.jpeg
817	7.000000	severe_dysplastic_org_197_jpeg/149314679-149314719-001.jpeg
495	4.000000	normal_columnar_org_98_jpeg/153956444-153956458-001.jpeg
251	2.000000	light_dysplastic_org_182_jpeg/149095913-149095926-001.jpeg
188	2.000000	light_dysplastic_org_182_jpeg/148503568-148503580-001.jpeg
894	7.000000	severe_dysplastic_org_197_jpeg/153829063-153829073-001.jpeg
652	5.000000	normal_intermediate_org_70_jpeg/209566399-209566485-001.jpeg
810	7.000000	severe_dysplastic_org_197_jpeg/149181806-149181819-001.jpeg
240	2.000000	light_dysplastic_org_182_jpeg/149054277-149054304-002.jpeg
477	3.000000	moderate_dysplastic_org_146_jpeg/153829700-153829711-001.jpeg
213	2.000000	light_dysplastic_org_182_jpeg/148881729-148881744-001.jpeg
722	6.000000	normal_superficiel_org_74_jpeg/209047526-209047717-001.jpeg
635	5.000000	normal_intermediate_org_70_jpeg/209522940-209523052-001.jpeg
348	3.000000	moderate_dysplastic_org_146_jpeg/149014631-149014646-004.jpeg
373	3.000000	moderate_dysplastic_org_146_jpeg/149057812-149057825-003.jpeg
313	2.000000	light_dysplastic_org_182_jpeg/153697726-153697736-001.jpeg
268	2.000000	light_dysplastic_org_182_jpeg/149357849-149357874-001.jpeg
703	6.000000	normal_superficiel_org_74_jpeg/157224297-157224320-002.jpeg
885	7.000000	severe_dysplastic_org_197_jpeg/153828877-153828902-002.jpeg
882	7.000000	severe_dysplastic_org_197_jpeg/153828877-153828890-001.jpeg
887	7.000000	severe_dysplastic_org_197_jpeg/153828952-153828980-001.jpeg
138	1.000000	carcinoma_in_situ_org_150_jpeg/153830680-153830693-001.jpeg
836	7.000000	severe_dysplastic_org_197_jpeg/153315615-153315624-001.jpeg
843	7.000000	severe_dysplastic_org_197_jpeg/153654325-153654351-004.jpeg
184	2.000000	light_dysplastic_org_182_jpeg/148503209-148503231-001.jpeg
587	5.000000	normal_intermediate_org_70_jpeg/153958547-153958621-001.jpeg
471	3.000000	moderate_dysplastic_org_146_jpeg/153701139-153701158-001.jpeg
796	7.000000	severe_dysplastic_org_197_jpeg/149101894-149101930-002.jpeg
769	7.000000	severe_dysplastic_org_197_jpeg/149058170-149058218-001.jpeg
263	2.000000	light_dysplastic_org_182_jpeg/149140169-149140178-001.jpeg
135	1.000000	carcinoma_in_situ_org_150_jpeg/153827595-153827657-002.jpeg
872	7.000000	severe_dysplastic_org_197_jpeg/153826963-153826982-003.jpeg
37	1.000000	carcinoma_in_situ_org_150_jpeg/149181904-149182017-003.jpeg
513	4.000000	normal_columnar_org_98_jpeg/153958547-153958572-003.jpeg
195	2.000000	light_dysplastic_org_182_jpeg/148503664-148503685-002.jpeg
219	2.000000	light_dysplastic_org_182_jpeg/148882307-148882323-001.jpeg
666	6.000000	normal_superficiel_org_74_jpeg/157183332-157183361-001.jpeg
384	3.000000	moderate_dysplastic_org_146_jpeg/149058262-149058288-003.jpeg
16	1.000000	carcinoma_in_situ_org_150_jpeg/149147060-149147075-001.jpeg
402	3.000000	moderate_dysplastic_org_146_jpeg/149097594-149097637-002.jpeg
295	2.000000	light_dysplastic_org_182_jpeg/153655593-153655600-002.jpeg
679	6.000000	normal_superficiel_org_74_jpeg/157184850-157184976-001.jpeg
352	3.000000	moderate_dysplastic_org_146_jpeg/149014929-149014984-001.jpeg
370	3.000000	moderate_dysplastic_org_146_jpeg/149057756-149057788-001.jpeg
522	4.000000	normal_columnar_org_98_jpeg/157181146-157181197-001.jpeg
203	2.000000	light_dysplastic_org_182_jpeg/148719308-148719348-004.jpeg
274	2.000000	light_dysplastic_org_182_jpeg/149788987-149789006-001.jpeg
907	7.000000	severe_dysplastic_org_197_jpeg/153831352-153831372-002.jpeg
90	1.000000	carcinoma_in_situ_org_150_jpeg/149185850-149185875-001.jpeg
553	4.000000	normal_columnar_org_98_jpeg/157185781-157185793-003.jpeg
857	7.000000	severe_dysplastic_org_197_jpeg/153657121-153657160-001.jpeg
403	3.000000	moderate_dysplastic_org_146_jpeg/149097594-149097661-001.jpeg
860	7.000000	severe_dysplastic_org_197_jpeg/153659229-153659243-002.jpeg
723	6.000000	normal_superficiel_org_74_jpeg/209047526-209047798-001.jpeg
509	4.000000	normal_columnar_org_98_jpeg/153958154-153958248-003.jpeg
390	3.000000	moderate_dysplastic_org_146_jpeg/149060932-149060940-002.jpeg
482	3.000000	moderate_dysplastic_org_146_jpeg/204870815-204870836-002.jpeg
342	3.000000	moderate_dysplastic_org_146_jpeg/148848523-148848559-003.jpeg
611	5.000000	normal_intermediate_org_70_jpeg/157223321-157223328-001.jpeg
793	7.000000	severe_dysplastic_org_197_jpeg/149101894-149101909-003.jpeg
701	6.000000	normal_superficiel_org_74_jpeg/157224297-157224304-002.jpeg
901	7.000000	severe_dysplastic_org_197_jpeg/153830261-153830340-001.jpeg
544	4.000000	normal_columnar_org_98_jpeg/157185433-157185508-006.jpeg
770	7.000000	severe_dysplastic_org_197_jpeg/149058170-149058218-002.jpeg
634	5.000000	normal_intermediate_org_70_jpeg/209522940-209522991-001.jpeg
682	6.000000	normal_superficiel_org_74_jpeg/157185133-157185143-001.jpeg
287	2.000000	light_dysplastic_org_182_jpeg/153314759-153314767-003.jpeg
778	7.000000	severe_dysplastic_org_197_jpeg/149061548-149061568-004.jpeg
244	2.000000	light_dysplastic_org_182_jpeg/149054642-149054677-003.jpeg
639	5.000000	normal_intermediate_org_70_jpeg/209565698-209565729-001.jpeg
809	7.000000	severe_dysplastic_org_197_jpeg/149143469-149143497-003.jpeg
394	3.000000	moderate_dysplastic_org_146_jpeg/149062277-149062289-001.jpeg
247	2.000000	light_dysplastic_org_182_jpeg/149059215-149059228-002.jpeg
678	6.000000	normal_superficiel_org_74_jpeg/157184850-157184942-001.jpeg
0	0.000000	carcinoma_in_situ_org_150/._149143370-149143378-001.jpeg
534	4.000000	normal_columnar_org_98_jpeg/157185433-157185479-003.jpeg
249	2.000000	light_dysplastic_org_182_jpeg/149061666-149061726-002.jpeg
378	3.000000	moderate_dysplastic_org_146_jpeg/149057812-149057847-004.jpeg
596	5.000000	normal_intermediate_org_70_jpeg/157184067-157184080-001.jpeg
752	7.000000	severe_dysplastic_org_197_jpeg/149056785-149056813-004.jpeg
468	3.000000	moderate_dysplastic_org_146_jpeg/153698259-153698268-001.jpeg
649	5.000000	normal_intermediate_org_70_jpeg/209566205-209566321-001.jpeg
99	1.000000	carcinoma_in_situ_org_150_jpeg/149314679-149314698-001.jpeg
543	4.000000	normal_columnar_org_98_jpeg/157185433-157185508-005.jpeg
592	5.000000	normal_intermediate_org_70_jpeg/157183828-157183877-001.jpeg
599	5.000000	normal_intermediate_org_70_jpeg/157185677-157185690-001.jpeg
714	6.000000	normal_superficiel_org_74_jpeg/157268587-157268617-001.jpeg
401	3.000000	moderate_dysplastic_org_146_jpeg/149097594-149097637-001.jpeg
921	7.000000	severe_dysplastic_org_197_jpeg/153916001-153916020-001.jpeg
873	7.000000	severe_dysplastic_org_197_jpeg/153826963-153826989-001.jpeg
660	6.000000	normal_superficiel_org_74_jpeg/157181671-157181686-001.jpeg
371	3.000000	moderate_dysplastic_org_146_jpeg/149057756-149057788-002.jpeg
717	6.000000	normal_superficiel_org_74_jpeg/158987493-158987499-001.jpeg
51	1.000000	carcinoma_in_situ_org_150_jpeg/149182550-149182608-003.jpeg
104	1.000000	carcinoma_in_situ_org_150_jpeg/149315229-149315249-001.jpeg
521	4.000000	normal_columnar_org_98_jpeg/153958547-153958590-002.jpeg
392	3.000000	moderate_dysplastic_org_146_jpeg/149061666-149061699-001.jpeg
879	7.000000	severe_dysplastic_org_197_jpeg/153827595-153827611-002.jpeg
502	4.000000	normal_columnar_org_98_jpeg/153958154-153958179-002.jpeg
319	2.000000	light_dysplastic_org_182_jpeg/153701557-153701566-001.jpeg
444	3.000000	moderate_dysplastic_org_146_jpeg/149316941-149316952-001.jpeg
160	2.000000	light_dysplastic_org_182_jpeg/148495842-148495854-001.jpeg
277	2.000000	light_dysplastic_org_182_jpeg/153268036-153268083-001.jpeg
560	4.000000	normal_columnar_org_98_jpeg/157227461-157227503-001.jpeg
365	3.000000	moderate_dysplastic_org_146_jpeg/149057261-149057272-001.jpeg
463	3.000000	moderate_dysplastic_org_146_jpeg/153697342-153697375-001.jpeg
57	1.000000	carcinoma_in_situ_org_150_jpeg/149182657-149182681-001.jpeg
407	3.000000	moderate_dysplastic_org_146_jpeg/149099680-149099714-001.jpeg
813	7.000000	severe_dysplastic_org_197_jpeg/149183509-149183519-001.jpeg
630	5.000000	normal_intermediate_org_70_jpeg/209522474-209522554-001.jpeg
730	7.000000	severe_dysplastic_org_197_jpeg/149056321-149056343-003.jpeg
884	7.000000	severe_dysplastic_org_197_jpeg/153828877-153828897-001.jpeg
23	1.000000	carcinoma_in_situ_org_150_jpeg/149147949-149147960-002.jpeg
238	2.000000	light_dysplastic_org_182_jpeg/149053945-149053983-001.jpeg
856	7.000000	severe_dysplastic_org_197_jpeg/153657121-153657151-001.jpeg
222	2.000000	light_dysplastic_org_182_jpeg/148882307-148882447-001.jpeg
443	3.000000	moderate_dysplastic_org_146_jpeg/149316754-149316779-002.jpeg
512	4.000000	normal_columnar_org_98_jpeg/153958547-153958572-002.jpeg
303	2.000000	light_dysplastic_org_182_jpeg/153657327-153657363-002.jpeg
733	7.000000	severe_dysplastic_org_197_jpeg/149056321-149056360-003.jpeg
532	4.000000	normal_columnar_org_98_jpeg/157185433-157185479-001.jpeg
412	3.000000	moderate_dysplastic_org_146_jpeg/149101620-149101650-001.jpeg
285	2.000000	light_dysplastic_org_182_jpeg/153314466-153314473-003.jpeg
357	3.000000	moderate_dysplastic_org_146_jpeg/149015814-149015831-001.jpeg
416	3.000000	moderate_dysplastic_org_146_jpeg/149101620-149101664-001.jpeg
619	5.000000	normal_intermediate_org_70_jpeg/157224458-157224464-001.jpeg
572	4.000000	normal_columnar_org_98_jpeg/157267263-157267286-002.jpeg
132	1.000000	carcinoma_in_situ_org_150_jpeg/153826597-153826619-001.jpeg
667	6.000000	normal_superficiel_org_74_jpeg/157183332-157183376-001.jpeg
503	4.000000	normal_columnar_org_98_jpeg/153958154-153958194-001.jpeg
374	3.000000	moderate_dysplastic_org_146_jpeg/149057812-149057825-004.jpeg
49	1.000000	carcinoma_in_situ_org_150_jpeg/149182550-149182608-001.jpeg
46	1.000000	carcinoma_in_situ_org_150_jpeg/149182550-149182571-002.jpeg
129	1.000000	carcinoma_in_situ_org_150_jpeg/149317114-149317152-002.jpeg
641	5.000000	normal_intermediate_org_70_jpeg/209565864-209565890-001.jpeg
911	7.000000	severe_dysplastic_org_197_jpeg/153915432-153915441-002.jpeg
151	1.000000	carcinoma_in_situ_org_150_jpeg/153916114-153916167-001.jpeg
379	3.000000	moderate_dysplastic_org_146_jpeg/149057812-149057847-005.jpeg
476	3.000000	moderate_dysplastic_org_146_jpeg/153829664-153829678-001.jpeg
684	6.000000	normal_superficiel_org_74_jpeg/157185164-157185196-001.jpeg
456	3.000000	moderate_dysplastic_org_146_jpeg/153276386-153276405-003.jpeg
568	4.000000	normal_columnar_org_98_jpeg/157267059-157267072-002.jpeg
716	6.000000	normal_superficiel_org_74_jpeg/158987453-158987462-001.jpeg
246	2.000000	light_dysplastic_org_182_jpeg/149059215-149059228-001.jpeg
670	6.000000	normal_superficiel_org_74_jpeg/157183722-157183783-001.jpeg
449	3.000000	moderate_dysplastic_org_146_jpeg/149357849-149357867-001.jpeg
704	6.000000	normal_superficiel_org_74_jpeg/157224297-157224336-001.jpeg
363	3.000000	moderate_dysplastic_org_146_jpeg/149054169-149054199-001.jpeg
727	6.000000	normal_superficiel_org_74_jpeg/209307421-209307597-001.jpeg
583	5.000000	normal_intermediate_org_70_jpeg/._157185575-157185586-001.jpeg
223	2.000000	light_dysplastic_org_182_jpeg/148882535-148882616-001.jpeg
497	4.000000	normal_columnar_org_98_jpeg/153956444-153956458-003.jpeg
622	5.000000	normal_intermediate_org_70_jpeg/209047526-209047626-001.jpeg
905	7.000000	severe_dysplastic_org_197_jpeg/153830680-153830827-003.jpeg
712	6.000000	normal_superficiel_org_74_jpeg/157268342-157268401-001.jpeg
530	4.000000	normal_columnar_org_98_jpeg/157184850-157184920-002.jpeg
13	1.000000	carcinoma_in_situ_org_150_jpeg/149146837-149146854-001.jpeg
256	2.000000	light_dysplastic_org_182_jpeg/149099502-149099525-001.jpeg
329	2.000000	light_dysplastic_org_182_jpeg/154519964-154519981-001.jpeg
492	4.000000	normal_columnar_org_98_jpeg/153956040-153956072-002.jpeg
236	2.000000	light_dysplastic_org_182_jpeg/149015418-149015435-002.jpeg
393	3.000000	moderate_dysplastic_org_146_jpeg/149061666-149061699-003.jpeg
108	1.000000	carcinoma_in_situ_org_150_jpeg/149315671-149315731-002.jpeg
750	7.000000	severe_dysplastic_org_197_jpeg/149056785-149056813-001.jpeg
59	1.000000	carcinoma_in_situ_org_150_jpeg/149182657-149182681-003.jpeg
425	3.000000	moderate_dysplastic_org_146_jpeg/149105131-149105205-004.jpeg
113	1.000000	carcinoma_in_situ_org_150_jpeg/149315671-149315749-001.jpeg
552	4.000000	normal_columnar_org_98_jpeg/157185781-157185793-002.jpeg
890	7.000000	severe_dysplastic_org_197_jpeg/153828952-153829000-003.jpeg
774	7.000000	severe_dysplastic_org_197_jpeg/149061221-149061261-002.jpeg
805	7.000000	severe_dysplastic_org_197_jpeg/149143295-149143307-001.jpeg
615	5.000000	normal_intermediate_org_70_jpeg/157223394-157223428-001.jpeg
586	5.000000	normal_intermediate_org_70_jpeg/153956279-153956296-001.jpeg
191	2.000000	light_dysplastic_org_182_jpeg/148503568-148503598-001.jpeg
141	1.000000	carcinoma_in_situ_org_150_jpeg/153831027-153831045-001.jpeg
173	2.000000	light_dysplastic_org_182_jpeg/148499274-148499302-001.jpeg
806	7.000000	severe_dysplastic_org_197_jpeg/149143469-149143479-002.jpeg
127	1.000000	carcinoma_in_situ_org_150_jpeg/149316426-149316462-004.jpeg
250	2.000000	light_dysplastic_org_182_jpeg/149061666-149061726-003.jpeg
899	7.000000	severe_dysplastic_org_197_jpeg/153829745-153829768-002.jpeg
740	7.000000	severe_dysplastic_org_197_jpeg/149056410-149056444-005.jpeg
4	1.000000	carcinoma_in_situ_org_150_jpeg/149143370-149143378-001.jpeg
853	7.000000	severe_dysplastic_org_197_jpeg/153655016-153655039-005.jpeg
358	3.000000	moderate_dysplastic_org_146_jpeg/149053341-149053350-001.jpeg
693	6.000000	normal_superficiel_org_74_jpeg/157223659-157223667-001.jpeg
559	4.000000	normal_columnar_org_98_jpeg/157227058-157227087-001.jpeg
493	4.000000	normal_columnar_org_98_jpeg/153956040-153956072-003.jpeg
107	1.000000	carcinoma_in_situ_org_150_jpeg/149315671-149315731-001.jpeg
687	6.000000	normal_superficiel_org_74_jpeg/157185613-157185627-001.jpeg
922	7.000000	severe_dysplastic_org_197_jpeg/153916001-153916020-003.jpeg
891	7.000000	severe_dysplastic_org_197_jpeg/153828952-153829005-001.jpeg
296	2.000000	light_dysplastic_org_182_jpeg/153655593-153655608-001.jpeg
868	7.000000	severe_dysplastic_org_197_jpeg/153826963-153826976-002.jpeg
179	2.000000	light_dysplastic_org_182_jpeg/148500154-148500165-001.jpeg
136	1.000000	carcinoma_in_situ_org_150_jpeg/153827595-153827664-001.jpeg
212	2.000000	light_dysplastic_org_182_jpeg/148881675-148881704-001.jpeg
55	1.000000	carcinoma_in_situ_org_150_jpeg/149182657-149182667-002.jpeg
481	3.000000	moderate_dysplastic_org_146_jpeg/204870815-204870836-001.jpeg
844	7.000000	severe_dysplastic_org_197_jpeg/153654325-153654360-001.jpeg
419	3.000000	moderate_dysplastic_org_146_jpeg/149102510-149102527-001.jpeg
519	4.000000	normal_columnar_org_98_jpeg/153958547-153958572-009.jpeg
233	2.000000	light_dysplastic_org_182_jpeg/149014929-149015022-001.jpeg
60	1.000000	carcinoma_in_situ_org_150_jpeg/149182657-149182698-001.jpeg
130	1.000000	carcinoma_in_situ_org_150_jpeg/149317114-149317152-004.jpeg
636	5.000000	normal_intermediate_org_70_jpeg/209565409-209565466-001.jpeg
475	3.000000	moderate_dysplastic_org_146_jpeg/153701622-153701650-001.jpeg
837	7.000000	severe_dysplastic_org_197_jpeg/153315615-153315624-002.jpeg
209	2.000000	light_dysplastic_org_182_jpeg/148839825-148839835-001.jpeg
775	7.000000	severe_dysplastic_org_197_jpeg/149061221-149061289-001.jpeg
82	1.000000	carcinoma_in_situ_org_150_jpeg/149185698-149185709-002.jpeg
605	5.000000	normal_intermediate_org_70_jpeg/157222647-157222660-001.jpeg
153	1.000000	carcinoma_in_situ_org_150_jpeg/153916569-153916586-001.jpeg
787	7.000000	severe_dysplastic_org_197_jpeg/149098972-149098988-002.jpeg
878	7.000000	severe_dysplastic_org_197_jpeg/153827595-153827611-001.jpeg
761	7.000000	severe_dysplastic_org_197_jpeg/149056933-149056982-003.jpeg
400	3.000000	moderate_dysplastic_org_146_jpeg/149097324-149097388-001.jpeg
27	1.000000	carcinoma_in_situ_org_150_jpeg/149148124-149148181-003.jpeg
755	7.000000	severe_dysplastic_org_197_jpeg/149056873-149056884-001.jpeg
533	4.000000	normal_columnar_org_98_jpeg/157185433-157185479-002.jpeg
671	6.000000	normal_superficiel_org_74_jpeg/157183722-157183783-002.jpeg
366	3.000000	moderate_dysplastic_org_146_jpeg/149057261-149057272-002.jpeg
20	1.000000	carcinoma_in_situ_org_150_jpeg/149147848-149147864-002.jpeg
411	3.000000	moderate_dysplastic_org_146_jpeg/149101437-149101467-002.jpeg
597	5.000000	normal_intermediate_org_70_jpeg/157184112-157184120-001.jpeg
633	5.000000	normal_intermediate_org_70_jpeg/209522940-209522970-001.jpeg
33	1.000000	carcinoma_in_situ_org_150_jpeg/149181904-149181951-001.jpeg
776	7.000000	severe_dysplastic_org_197_jpeg/149061548-149061568-002.jpeg
359	3.000000	moderate_dysplastic_org_146_jpeg/149053341-149053350-002.jpeg
337	2.000000	light_dysplastic_org_182_jpeg/204871030-204871038-001.jpeg
36	1.000000	carcinoma_in_situ_org_150_jpeg/149181904-149182017-002.jpeg
446	3.000000	moderate_dysplastic_org_146_jpeg/149357849-149357857-001.jpeg
88	1.000000	carcinoma_in_situ_org_150_jpeg/149185788-149185824-001.jpeg
389	3.000000	moderate_dysplastic_org_146_jpeg/149060932-149060940-001.jpeg
360	3.000000	moderate_dysplastic_org_146_jpeg/149053533-149053553-001.jpeg
841	7.000000	severe_dysplastic_org_197_jpeg/153654325-153654351-002.jpeg
24	1.000000	carcinoma_in_situ_org_150_jpeg/149148124-149148168-001.jpeg
248	2.000000	light_dysplastic_org_182_jpeg/149061666-149061726-001.jpeg
557	4.000000	normal_columnar_org_98_jpeg/157224172-157224207-002.jpeg
528	4.000000	normal_columnar_org_98_jpeg/157181481-157181497-004.jpeg
201	2.000000	light_dysplastic_org_182_jpeg/148718455-148718461-001.jpeg
656	6.000000	normal_superficiel_org_74_jpeg/157181281-157181308-001.jpeg
563	4.000000	normal_columnar_org_98_jpeg/157266930-157266947-001.jpeg
825	7.000000	severe_dysplastic_org_197_jpeg/149317002-149317010-002.jpeg
751	7.000000	severe_dysplastic_org_197_jpeg/149056785-149056813-002.jpeg
608	5.000000	normal_intermediate_org_70_jpeg/157222801-157222811-002.jpeg
913	7.000000	severe_dysplastic_org_197_jpeg/153915634-153915665-001.jpeg
75	1.000000	carcinoma_in_situ_org_150_jpeg/149185604-149185645-002.jpeg
644	5.000000	normal_intermediate_org_70_jpeg/209566047-209566095-001.jpeg
780	7.000000	severe_dysplastic_org_197_jpeg/149096505-149096614-001.jpeg
535	4.000000	normal_columnar_org_98_jpeg/157185433-157185479-004.jpeg
691	6.000000	normal_superficiel_org_74_jpeg/157222904-157223196-001.jpeg
124	1.000000	carcinoma_in_situ_org_150_jpeg/149316426-149316462-001.jpeg
426	3.000000	moderate_dysplastic_org_146_jpeg/149105131-149105260-001.jpeg
554	4.000000	normal_columnar_org_98_jpeg/157185781-157185814-001.jpeg
754	7.000000	severe_dysplastic_org_197_jpeg/149056785-149056813-007.jpeg
708	6.000000	normal_superficiel_org_74_jpeg/157224504-157224520-001.jpeg
415	3.000000	moderate_dysplastic_org_146_jpeg/149101620-149101650-004.jpeg
70	1.000000	carcinoma_in_situ_org_150_jpeg/149185497-149185527-002.jpeg
460	3.000000	moderate_dysplastic_org_146_jpeg/153697342-153697353-001.jpeg
65	1.000000	carcinoma_in_situ_org_150_jpeg/149182657-149182713-003.jpeg
78	1.000000	carcinoma_in_situ_org_150_jpeg/149185604-149185645-005.jpeg
819	7.000000	severe_dysplastic_org_197_jpeg/149315229-149315291-002.jpeg
14	1.000000	carcinoma_in_situ_org_150_jpeg/149146886-149146936-001.jpeg
814	7.000000	severe_dysplastic_org_197_jpeg/149186957-149186968-001.jpeg
34	1.000000	carcinoma_in_situ_org_150_jpeg/149181904-149181951-002.jpeg
64	1.000000	carcinoma_in_situ_org_150_jpeg/149182657-149182713-002.jpeg
759	7.000000	severe_dysplastic_org_197_jpeg/149056933-149056945-005.jpeg
527	4.000000	normal_columnar_org_98_jpeg/157181481-157181497-003.jpeg
341	3.000000	moderate_dysplastic_org_146_jpeg/148848523-148848559-002.jpeg
293	2.000000	light_dysplastic_org_182_jpeg/153354858-153354901-002.jpeg
166	2.000000	light_dysplastic_org_182_jpeg/148497676-148497718-001.jpeg
433	3.000000	moderate_dysplastic_org_146_jpeg/149105289-149105311-004.jpeg
647	5.000000	normal_intermediate_org_70_jpeg/209566205-209566266-001.jpeg
225	2.000000	light_dysplastic_org_182_jpeg/148882671-148882687-001.jpeg
83	1.000000	carcinoma_in_situ_org_150_jpeg/149185698-149185721-001.jpeg
753	7.000000	severe_dysplastic_org_197_jpeg/149056785-149056813-006.jpeg
838	7.000000	severe_dysplastic_org_197_jpeg/153315615-153315629-001.jpeg
102	1.000000	carcinoma_in_situ_org_150_jpeg/149314753-149314760-001.jpeg
773	7.000000	severe_dysplastic_org_197_jpeg/149058262-149058309-001.jpeg
473	3.000000	moderate_dysplastic_org_146_jpeg/153701139-153701158-004.jpeg
205	2.000000	light_dysplastic_org_182_jpeg/148719308-148719357-001.jpeg
915	7.000000	severe_dysplastic_org_197_jpeg/153915634-153915665-003.jpeg
640	5.000000	normal_intermediate_org_70_jpeg/209565698-209565772-001.jpeg
122	1.000000	carcinoma_in_situ_org_150_jpeg/149316117-149316131-001.jpeg
839	7.000000	severe_dysplastic_org_197_jpeg/153315615-153315629-003.jpeg
340	3.000000	moderate_dysplastic_org_146_jpeg/148848523-148848559-001.jpeg
291	2.000000	light_dysplastic_org_182_jpeg/153354589-153354597-002.jpeg
826	7.000000	severe_dysplastic_org_197_jpeg/149317002-149317010-003.jpeg
388	3.000000	moderate_dysplastic_org_146_jpeg/149060626-149060638-002.jpeg
539	4.000000	normal_columnar_org_98_jpeg/157185433-157185508-001.jpeg
866	7.000000	severe_dysplastic_org_197_jpeg/153826963-153826970-001.jpeg
2	1.000000	carcinoma_in_situ_org_150_jpeg/._149147060-149147075-002.jpeg
686	6.000000	normal_superficiel_org_74_jpeg/157185309-157185360-001.jpeg
110	1.000000	carcinoma_in_situ_org_150_jpeg/149315671-149315740-002.jpeg
618	5.000000	normal_intermediate_org_70_jpeg/157223779-157224140-001.jpeg
272	2.000000	light_dysplastic_org_182_jpeg/149788987-149788996-001.jpeg
478	3.000000	moderate_dysplastic_org_146_jpeg/153829745-153829763-001.jpeg
17	1.000000	carcinoma_in_situ_org_150_jpeg/149147060-149147075-002.jpeg
757	7.000000	severe_dysplastic_org_197_jpeg/149056933-149056945-002.jpeg
143	1.000000	carcinoma_in_situ_org_150_jpeg/153831027-153831045-003.jpeg
904	7.000000	severe_dysplastic_org_197_jpeg/153830680-153830827-002.jpeg
346	3.000000	moderate_dysplastic_org_146_jpeg/149014631-149014646-002.jpeg
818	7.000000	severe_dysplastic_org_197_jpeg/149315229-149315291-001.jpeg
275	2.000000	light_dysplastic_org_182_jpeg/153266866-153266917-001.jpeg
642	5.000000	normal_intermediate_org_70_jpeg/209565864-209565911-001.jpeg
668	6.000000	normal_superficiel_org_74_jpeg/157183412-157183614-001.jpeg
491	4.000000	normal_columnar_org_98_jpeg/153956040-153956072-001.jpeg
504	4.000000	normal_columnar_org_98_jpeg/153958154-153958194-002.jpeg
234	2.000000	light_dysplastic_org_182_jpeg/149014929-149015022-002.jpeg
62	1.000000	carcinoma_in_situ_org_150_jpeg/149182657-149182698-003.jpeg
7	1.000000	carcinoma_in_situ_org_150_jpeg/149143370-149143388-001.jpeg
183	2.000000	light_dysplastic_org_182_jpeg/148503209-148503222-003.jpeg
441	3.000000	moderate_dysplastic_org_146_jpeg/149316754-149316762-002.jpeg
784	7.000000	severe_dysplastic_org_197_jpeg/149096927-149096943-001.jpeg
741	7.000000	severe_dysplastic_org_197_jpeg/149056410-149056458-001.jpeg
241	2.000000	light_dysplastic_org_182_jpeg/149054526-149054540-001.jpeg
794	7.000000	severe_dysplastic_org_197_jpeg/149101894-149101918-001.jpeg
215	2.000000	light_dysplastic_org_182_jpeg/148881870-148881960-002.jpeg
310	2.000000	light_dysplastic_org_182_jpeg/153657599-153657633-002.jpeg
795	7.000000	severe_dysplastic_org_197_jpeg/149101894-149101930-001.jpeg
152	1.000000	carcinoma_in_situ_org_150_jpeg/153916114-153916167-002.jpeg
567	4.000000	normal_columnar_org_98_jpeg/157267059-157267072-001.jpeg
208	2.000000	light_dysplastic_org_182_jpeg/148839765-148839773-001.jpeg
321	2.000000	light_dysplastic_org_182_jpeg/153701949-153701964-001.jpeg
786	7.000000	severe_dysplastic_org_197_jpeg/149098972-149098988-001.jpeg
480	3.000000	moderate_dysplastic_org_146_jpeg/153916675-153916684-001.jpeg
889	7.000000	severe_dysplastic_org_197_jpeg/153828952-153829000-002.jpeg
332	2.000000	light_dysplastic_org_182_jpeg/204870858-204870872-002.jpeg
168	2.000000	light_dysplastic_org_182_jpeg/148497788-148497816-002.jpeg
117	1.000000	carcinoma_in_situ_org_150_jpeg/149315775-149315790-003.jpeg
202	2.000000	light_dysplastic_org_182_jpeg/148719308-148719348-002.jpeg
469	3.000000	moderate_dysplastic_org_146_jpeg/153698259-153698268-002.jpeg
157	2.000000	light_dysplastic_org_182_jpeg/148494967-148494986-001.jpeg
368	3.000000	moderate_dysplastic_org_146_jpeg/149057756-149057766-002.jpeg
279	2.000000	light_dysplastic_org_182_jpeg/153275719-153275737-001.jpeg
385	3.000000	moderate_dysplastic_org_146_jpeg/149058262-149058288-004.jpeg
439	3.000000	moderate_dysplastic_org_146_jpeg/149190861-149190868-001.jpeg
327	2.000000	light_dysplastic_org_182_jpeg/153829700-153829705-001.jpeg
771	7.000000	severe_dysplastic_org_197_jpeg/149058170-149058218-003.jpeg
54	1.000000	carcinoma_in_situ_org_150_jpeg/149182657-149182667-001.jpeg
100	1.000000	carcinoma_in_situ_org_150_jpeg/149314679-149314698-002.jpeg
525	4.000000	normal_columnar_org_98_jpeg/157181481-157181497-001.jpeg
114	1.000000	carcinoma_in_situ_org_150_jpeg/149315671-149315749-002.jpeg
77	1.000000	carcinoma_in_situ_org_150_jpeg/149185604-149185645-004.jpeg
204	2.000000	light_dysplastic_org_182_jpeg/148719308-148719348-005.jpeg
163	2.000000	light_dysplastic_org_182_jpeg/148497551-148497588-001.jpeg
38	1.000000	carcinoma_in_situ_org_150_jpeg/149181904-149182044-001.jpeg
720	6.000000	normal_superficiel_org_74_jpeg/209047342-209047443-001.jpeg
659	6.000000	normal_superficiel_org_74_jpeg/157181569-157181599-001.jpeg
133	1.000000	carcinoma_in_situ_org_150_jpeg/153826597-153826619-002.jpeg
580	4.000000	normal_columnar_org_98_jpeg/158986920-158986928-004.jpeg
451	3.000000	moderate_dysplastic_org_146_jpeg/149358108-149358125-001.jpeg
395	3.000000	moderate_dysplastic_org_146_jpeg/149062593-149062608-001.jpeg
548	4.000000	normal_columnar_org_98_jpeg/157185527-157185540-004.jpeg
514	4.000000	normal_columnar_org_98_jpeg/153958547-153958572-004.jpeg
594	5.000000	normal_intermediate_org_70_jpeg/157184013-157184023-001.jpeg
334	2.000000	light_dysplastic_org_182_jpeg/204870926-204870933-002.jpeg
781	7.000000	severe_dysplastic_org_197_jpeg/149096505-149096614-002.jpeg
325	2.000000	light_dysplastic_org_182_jpeg/153702037-153702060-001.jpeg
175	2.000000	light_dysplastic_org_182_jpeg/148499383-148499452-001.jpeg
603	5.000000	normal_intermediate_org_70_jpeg/157222534-157223355-001.jpeg
440	3.000000	moderate_dysplastic_org_146_jpeg/149315960-149315967-001.jpeg
161	2.000000	light_dysplastic_org_182_jpeg/148495842-148495863-001.jpeg
95	1.000000	carcinoma_in_situ_org_150_jpeg/149314453-149314507-001.jpeg
10	1.000000	carcinoma_in_situ_org_150_jpeg/149146635-149146651-001.jpeg
910	7.000000	severe_dysplastic_org_197_jpeg/153915316-153915330-003.jpeg
479	3.000000	moderate_dysplastic_org_146_jpeg/153915230-153915252-001.jpeg
632	5.000000	normal_intermediate_org_70_jpeg/209522800-209522835-001.jpeg
550	4.000000	normal_columnar_org_98_jpeg/157185730-157185758-002.jpeg
526	4.000000	normal_columnar_org_98_jpeg/157181481-157181497-002.jpeg
262	2.000000	light_dysplastic_org_182_jpeg/149105003-149105050-002.jpeg
186	2.000000	light_dysplastic_org_182_jpeg/148503400-148503424-001.jpeg
506	4.000000	normal_columnar_org_98_jpeg/153958154-153958194-004.jpeg
914	7.000000	severe_dysplastic_org_197_jpeg/153915634-153915665-002.jpeg
103	1.000000	carcinoma_in_situ_org_150_jpeg/149314881-149314903-001.jpeg
602	5.000000	normal_intermediate_org_70_jpeg/157222534-157223349-001.jpeg
643	5.000000	normal_intermediate_org_70_jpeg/209565864-209565950-001.jpeg
140	1.000000	carcinoma_in_situ_org_150_jpeg/153831027-153831036-002.jpeg
737	7.000000	severe_dysplastic_org_197_jpeg/149056410-149056423-004.jpeg
579	4.000000	normal_columnar_org_98_jpeg/158986920-158986928-003.jpeg
126	1.000000	carcinoma_in_situ_org_150_jpeg/149316426-149316462-003.jpeg
900	7.000000	severe_dysplastic_org_197_jpeg/153829745-153829768-003.jpeg
424	3.000000	moderate_dysplastic_org_146_jpeg/149105131-149105205-003.jpeg
442	3.000000	moderate_dysplastic_org_146_jpeg/149316754-149316779-001.jpeg
661	6.000000	normal_superficiel_org_74_jpeg/157181671-157181697-001.jpeg
616	5.000000	normal_intermediate_org_70_jpeg/157223394-157223428-002.jpeg
785	7.000000	severe_dysplastic_org_197_jpeg/149096927-149096943-002.jpeg
732	7.000000	severe_dysplastic_org_197_jpeg/149056321-149056360-002.jpeg
218	2.000000	light_dysplastic_org_182_jpeg/148881870-148882187-001.jpeg
564	4.000000	normal_columnar_org_98_jpeg/157266930-157266947-002.jpeg
772	7.000000	severe_dysplastic_org_197_jpeg/149058170-149058218-004.jpeg
707	6.000000	normal_superficiel_org_74_jpeg/157224458-157224483-001.jpeg
662	6.000000	normal_superficiel_org_74_jpeg/157181671-157181708-001.jpeg
421	3.000000	moderate_dysplastic_org_146_jpeg/149102510-149102527-003.jpeg
316	2.000000	light_dysplastic_org_182_jpeg/153701009-153701019-001.jpeg
745	7.000000	severe_dysplastic_org_197_jpeg/149056545-149056555-001.jpeg
300	2.000000	light_dysplastic_org_182_jpeg/153657257-153657289-001.jpeg
462	3.000000	moderate_dysplastic_org_146_jpeg/153697342-153697366-002.jpeg
517	4.000000	normal_columnar_org_98_jpeg/153958547-153958572-007.jpeg
254	2.000000	light_dysplastic_org_182_jpeg/149099276-149099290-002.jpeg
445	3.000000	moderate_dysplastic_org_146_jpeg/149316941-149316961-002.jpeg
